2025-12-17T14:00:05.283+05:30  INFO 4912 --- [footballarchive] [main] c.e.f.FootballarchiveApplication         : Starting FootballarchiveApplication using Java 21.0.8 with PID 4912 (E:\workspace\footballarchive\target\classes started by thaku in E:\workspace\footballarchive)
2025-12-17T14:00:05.287+05:30  INFO 4912 --- [footballarchive] [main] c.e.f.FootballarchiveApplication         : No active profile set, falling back to 1 default profile: "default"
2025-12-17T14:00:06.808+05:30  INFO 4912 --- [footballarchive] [main] .s.d.r.c.RepositoryConfigurationDelegate : Bootstrapping Spring Data JPA repositories in DEFAULT mode.
2025-12-17T14:00:06.910+05:30  INFO 4912 --- [footballarchive] [main] .s.d.r.c.RepositoryConfigurationDelegate : Finished Spring Data repository scanning in 69 ms. Found 1 JPA repository interface.
2025-12-17T14:00:08.089+05:30  INFO 4912 --- [footballarchive] [main] o.s.b.w.embedded.tomcat.TomcatWebServer  : Tomcat initialized with port 8080 (http)
2025-12-17T14:00:08.111+05:30  INFO 4912 --- [footballarchive] [main] o.apache.catalina.core.StandardService   : Starting service [Tomcat]
2025-12-17T14:00:08.112+05:30  INFO 4912 --- [footballarchive] [main] o.apache.catalina.core.StandardEngine    : Starting Servlet engine: [Apache Tomcat/10.1.49]
2025-12-17T14:00:08.252+05:30  INFO 4912 --- [footballarchive] [main] o.a.c.c.C.[Tomcat].[localhost].[/]       : Initializing Spring embedded WebApplicationContext
2025-12-17T14:00:08.253+05:30  INFO 4912 --- [footballarchive] [main] w.s.c.ServletWebServerApplicationContext : Root WebApplicationContext: initialization completed in 2885 ms
2025-12-17T14:00:08.665+05:30  INFO 4912 --- [footballarchive] [main] o.hibernate.jpa.internal.util.LogHelper  : HHH000204: Processing PersistenceUnitInfo [name: default]
2025-12-17T14:00:08.734+05:30  INFO 4912 --- [footballarchive] [main] org.hibernate.Version                    : HHH000412: Hibernate ORM core version 6.6.36.Final
2025-12-17T14:00:08.797+05:30  INFO 4912 --- [footballarchive] [main] o.h.c.internal.RegionFactoryInitiator    : HHH000026: Second-level cache disabled
2025-12-17T14:00:09.356+05:30  INFO 4912 --- [footballarchive] [main] o.s.o.j.p.SpringPersistenceUnitInfo      : No LoadTimeWeaver setup: ignoring JPA class transformer
2025-12-17T14:00:09.400+05:30  INFO 4912 --- [footballarchive] [main] com.zaxxer.hikari.HikariDataSource       : HikariPool-1 - Starting...
2025-12-17T14:00:09.631+05:30  INFO 4912 --- [footballarchive] [main] com.zaxxer.hikari.pool.HikariPool        : HikariPool-1 - Added connection conn0: url=jdbc:h2:mem:footballdb user=SA
2025-12-17T14:00:09.634+05:30  INFO 4912 --- [footballarchive] [main] com.zaxxer.hikari.HikariDataSource       : HikariPool-1 - Start completed.
2025-12-17T14:00:09.660+05:30  WARN 4912 --- [footballarchive] [main] org.hibernate.orm.deprecation            : HHH90000025: H2Dialect does not need to be specified explicitly using 'hibernate.dialect' (remove the property setting and it will be selected by default)
2025-12-17T14:00:09.697+05:30  INFO 4912 --- [footballarchive] [main] org.hibernate.orm.connections.pooling    : HHH10001005: Database info:
	Database JDBC URL [Connecting through datasource 'HikariDataSource (HikariPool-1)']
	Database driver: undefined/unknown
	Database version: 2.3.232
	Autocommit mode: undefined/unknown
	Isolation level: undefined/unknown
	Minimum pool size: undefined/unknown
	Maximum pool size: undefined/unknown
2025-12-17T14:00:10.994+05:30  INFO 4912 --- [footballarchive] [main] o.h.e.t.j.p.i.JtaPlatformInitiator       : HHH000489: No JTA platform available (set 'hibernate.transaction.jta.platform' to enable JTA platform integration)
2025-12-17T14:00:11.106+05:30  INFO 4912 --- [footballarchive] [main] j.LocalContainerEntityManagerFactoryBean : Initialized JPA EntityManagerFactory for persistence unit 'default'
2025-12-17T14:00:11.583+05:30  INFO 4912 --- [footballarchive] [main] o.s.d.j.r.query.QueryEnhancerFactory     : Hibernate is in classpath; If applicable, HQL parser will be used.
2025-12-17T14:00:12.880+05:30  WARN 4912 --- [footballarchive] [main] JpaBaseConfiguration$JpaWebConfiguration : spring.jpa.open-in-view is enabled by default. Therefore, database queries may be performed during view rendering. Explicitly configure spring.jpa.open-in-view to disable this warning
2025-12-17T14:00:13.091+05:30  INFO 4912 --- [footballarchive] [main] r$InitializeUserDetailsManagerConfigurer : Global AuthenticationManager configured with UserDetailsService bean with name userDetailsService
2025-12-17T14:00:14.633+05:30  INFO 4912 --- [footballarchive] [main] o.s.b.a.h2.H2ConsoleAutoConfiguration    : H2 console available at '/h2-console'. Database available at 'jdbc:h2:mem:footballdb'
2025-12-17T14:00:14.802+05:30  INFO 4912 --- [footballarchive] [main] o.s.b.w.embedded.tomcat.TomcatWebServer  : Tomcat started on port 8080 (http) with context path '/'
2025-12-17T14:00:14.816+05:30  INFO 4912 --- [footballarchive] [main] c.e.f.FootballarchiveApplication         : Started FootballarchiveApplication in 10.366 seconds (process running for 10.921)
2025-12-17T14:13:47.356+05:30  WARN 4912 --- [footballarchive] [HikariPool-1:housekeeper] com.zaxxer.hikari.pool.HikariPool        : HikariPool-1 - Thread starvation or clock leap detected (housekeeper delta=8m7s498ms953µs400ns).
2025-12-17T14:24:56.963+05:30  WARN 4912 --- [footballarchive] [HikariPool-1:housekeeper] com.zaxxer.hikari.pool.HikariPool        : HikariPool-1 - Thread starvation or clock leap detected (housekeeper delta=8m39s565ms859µs600ns).
2025-12-17T14:32:44.332+05:30  WARN 4912 --- [footballarchive] [HikariPool-1:housekeeper] com.zaxxer.hikari.pool.HikariPool        : HikariPool-1 - Thread starvation or clock leap detected (housekeeper delta=7m17s358ms999µs400ns).
